  VisualGDB: Run "cmd.exe /c "C:\SysGCC\raspberry\bin\make.exe" CONFIG=Debug clean -j8" in directory "D:\midwa\Projects\GitHub\uae4arm-rpi\src\vs2015\amiberry" on local computer
  cmd /C del /S /Q Debug
  Deleted file - D:\midwa\Projects\GitHub\uae4arm-rpi\src\vs2015\amiberry\Debug\7zAlloc.dep
  Deleted file - D:\midwa\Projects\GitHub\uae4arm-rpi\src\vs2015\amiberry\Debug\7zAlloc.o
  Deleted file - D:\midwa\Projects\GitHub\uae4arm-rpi\src\vs2015\amiberry\Debug\7zBuf.dep
  Deleted file - D:\midwa\Projects\GitHub\uae4arm-rpi\src\vs2015\amiberry\Debug\7zBuf.o
  Deleted file - D:\midwa\Projects\GitHub\uae4arm-rpi\src\vs2015\amiberry\Debug\7zCrc.dep
  Deleted file - D:\midwa\Projects\GitHub\uae4arm-rpi\src\vs2015\amiberry\Debug\7zCrc.o
  Deleted file - D:\midwa\Projects\GitHub\uae4arm-rpi\src\vs2015\amiberry\Debug\7zDecode.dep
  Deleted file - D:\midwa\Projects\GitHub\uae4arm-rpi\src\vs2015\amiberry\Debug\7zDecode.o
  Deleted file - D:\midwa\Projects\GitHub\uae4arm-rpi\src\vs2015\amiberry\Debug\7zExtract.dep
  Deleted file - D:\midwa\Projects\GitHub\uae4arm-rpi\src\vs2015\amiberry\Debug\7zExtract.o
  Deleted file - D:\midwa\Projects\GitHub\uae4arm-rpi\src\vs2015\amiberry\Debug\7zHeader.dep
  Deleted file - D:\midwa\Projects\GitHub\uae4arm-rpi\src\vs2015\amiberry\Debug\7zHeader.o
  Deleted file - D:\midwa\Projects\GitHub\uae4arm-rpi\src\vs2015\amiberry\Debug\7zIn.dep
  Deleted file - D:\midwa\Projects\GitHub\uae4arm-rpi\src\vs2015\amiberry\Debug\7zIn.o
  Deleted file - D:\midwa\Projects\GitHub\uae4arm-rpi\src\vs2015\amiberry\Debug\7zItem.dep
  Deleted file - D:\midwa\Projects\GitHub\uae4arm-rpi\src\vs2015\amiberry\Debug\7zItem.o
  Deleted file - D:\midwa\Projects\GitHub\uae4arm-rpi\src\vs2015\amiberry\Debug\7zStream.dep
  The process cannot access the file because it is being used by another process.
  Deleted file - D:\midwa\Projects\GitHub\uae4arm-rpi\src\vs2015\amiberry\Debug\7zStream.o
  Deleted file - D:\midwa\Projects\GitHub\uae4arm-rpi\src\vs2015\amiberry\Debug\akiko.dep
  Deleted file - D:\midwa\Projects\GitHub\uae4arm-rpi\src\vs2015\amiberry\Debug\akiko.o
  Deleted file - D:\midwa\Projects\GitHub\uae4arm-rpi\src\vs2015\amiberry\Debug\amiberry-rpi3
  D:\midwa\Projects\GitHub\uae4arm-rpi\src\vs2015\amiberry\Debug\amiberry.log
  Deleted file - D:\midwa\Projects\GitHub\uae4arm-rpi\src\vs2015\amiberry\Debug\aros.rom.dep
  Deleted file - D:\midwa\Projects\GitHub\uae4arm-rpi\src\vs2015\amiberry\Debug\aros.rom.o
  Deleted file - D:\midwa\Projects\GitHub\uae4arm-rpi\src\vs2015\amiberry\Debug\audio.dep
  Deleted file - D:\midwa\Projects\GitHub\uae4arm-rpi\src\vs2015\amiberry\Debug\audio.o
  Deleted file - D:\midwa\Projects\GitHub\uae4arm-rpi\src\vs2015\amiberry\Debug\autoconf.dep
  Deleted file - D:\midwa\Projects\GitHub\uae4arm-rpi\src\vs2015\amiberry\Debug\autoconf.o
  Deleted file - D:\midwa\Projects\GitHub\uae4arm-rpi\src\vs2015\amiberry\Debug\Bcj2.dep
  Deleted file - D:\midwa\Projects\GitHub\uae4arm-rpi\src\vs2015\amiberry\Debug\Bcj2.o
  Deleted file - D:\midwa\Projects\GitHub\uae4arm-rpi\src\vs2015\amiberry\Debug\blitfunc.dep
  Deleted file - D:\midwa\Projects\GitHub\uae4arm-rpi\src\vs2015\amiberry\Debug\blitfunc.o
  Deleted file - D:\midwa\Projects\GitHub\uae4arm-rpi\src\vs2015\amiberry\Debug\blittable.dep
  Deleted file - D:\midwa\Projects\GitHub\uae4arm-rpi\src\vs2015\amiberry\Debug\blittable.o
  Deleted file - D:\midwa\Projects\GitHub\uae4arm-rpi\src\vs2015\amiberry\Debug\blitter.dep
  Deleted file - D:\midwa\Projects\GitHub\uae4arm-rpi\src\vs2015\amiberry\Debug\blitter.o
  Deleted file - D:\midwa\Projects\GitHub\uae4arm-rpi\src\vs2015\amiberry\Debug\blkdev.dep
  Deleted file - D:\midwa\Projects\GitHub\uae4arm-rpi\src\vs2015\amiberry\Debug\blkdev.o
  Deleted file - D:\midwa\Projects\GitHub\uae4arm-rpi\src\vs2015\amiberry\Debug\blkdev_cdimage.dep
  Deleted file - D:\midwa\Projects\GitHub\uae4arm-rpi\src\vs2015\amiberry\Debug\blkdev_cdimage.o
  Deleted file - D:\midwa\Projects\GitHub\uae4arm-rpi\src\vs2015\amiberry\Debug\Bra.dep
  Deleted file - D:\midwa\Projects\GitHub\uae4arm-rpi\src\vs2015\amiberry\Debug\Bra.o
  Deleted file - D:\midwa\Projects\GitHub\uae4arm-rpi\src\vs2015\amiberry\Debug\Bra86.dep
  Deleted file - D:\midwa\Projects\GitHub\uae4arm-rpi\src\vs2015\amiberry\Debug\Bra86.o
  Deleted file - D:\midwa\Projects\GitHub\uae4arm-rpi\src\vs2015\amiberry\Debug\bsdsocket.dep
  Deleted file - D:\midwa\Projects\GitHub\uae4arm-rpi\src\vs2015\amiberry\Debug\bsdsocket.o
  Deleted file - D:\midwa\Projects\GitHub\uae4arm-rpi\src\vs2015\amiberry\Debug\bsdsocket_host.dep
  Deleted file - D:\midwa\Projects\GitHub\uae4arm-rpi\src\vs2015\amiberry\Debug\bsdsocket_host.o
  Deleted file - D:\midwa\Projects\GitHub\uae4arm-rpi\src\vs2015\amiberry\Debug\calc.dep
  Deleted file - D:\midwa\Projects\GitHub\uae4arm-rpi\src\vs2015\amiberry\Debug\calc.o
  Deleted file - D:\midwa\Projects\GitHub\uae4arm-rpi\src\vs2015\amiberry\Debug\cda_play.dep
  Deleted file - D:\midwa\Projects\GitHub\uae4arm-rpi\src\vs2015\amiberry\Debug\cda_play.o
  Deleted file - D:\midwa\Projects\GitHub\uae4arm-rpi\src\vs2015\amiberry\Debug\cdrom.dep
  Deleted file - D:\midwa\Projects\GitHub\uae4arm-rpi\src\vs2015\amiberry\Debug\cdrom.o
  Deleted file - D:\midwa\Projects\GitHub\uae4arm-rpi\src\vs2015\amiberry\Debug\cfgfile.dep
  Deleted file - D:\midwa\Projects\GitHub\uae4arm-rpi\src\vs2015\amiberry\Debug\cfgfile.o
  Deleted file - D:\midwa\Projects\GitHub\uae4arm-rpi\src\vs2015\amiberry\Debug\charset.dep
  Deleted file - D:\midwa\Projects\GitHub\uae4arm-rpi\src\vs2015\amiberry\Debug\charset.o
  Deleted file - D:\midwa\Projects\GitHub\uae4arm-rpi\src\vs2015\amiberry\Debug\cia.dep
  Deleted file - D:\midwa\Projects\GitHub\uae4arm-rpi\src\vs2015\amiberry\Debug\cia.o
  Deleted file - D:\midwa\Projects\GitHub\uae4arm-rpi\src\vs2015\amiberry\Debug\compemu.dep
  Deleted file - D:\midwa\Projects\GitHub\uae4arm-rpi\src\vs2015\amiberry\Debug\compemu.o
  Deleted file - D:\midwa\Projects\GitHub\uae4arm-rpi\src\vs2015\amiberry\Debug\compemu_fpp.dep
  Deleted file - D:\midwa\Projects\GitHub\uae4arm-rpi\src\vs2015\amiberry\Debug\compemu_fpp.o
  Deleted file - D:\midwa\Projects\GitHub\uae4arm-rpi\src\vs2015\amiberry\Debug\compemu_support.dep
  Deleted file - D:\midwa\Projects\GitHub\uae4arm-rpi\src\vs2015\amiberry\Debug\compemu_support.o
  Deleted file - D:\midwa\Projects\GitHub\uae4arm-rpi\src\vs2015\amiberry\Debug\compstbl.dep
  Deleted file - D:\midwa\Projects\GitHub\uae4arm-rpi\src\vs2015\amiberry\Debug\compstbl.o
  Deleted file - D:\midwa\Projects\GitHub\uae4arm-rpi\src\vs2015\amiberry\Debug\cpudefs.dep
  Deleted file - D:\midwa\Projects\GitHub\uae4arm-rpi\src\vs2015\amiberry\Debug\cpudefs.o
  Deleted file - D:\midwa\Projects\GitHub\uae4arm-rpi\src\vs2015\amiberry\Debug\cpuemu_0.dep
  Deleted file - D:\midwa\Projects\GitHub\uae4arm-rpi\src\vs2015\amiberry\Debug\cpuemu_0.o
  Deleted file - D:\midwa\Projects\GitHub\uae4arm-rpi\src\vs2015\amiberry\Debug\cpuemu_11.dep
  Deleted file - D:\midwa\Projects\GitHub\uae4arm-rpi\src\vs2015\amiberry\Debug\cpuemu_11.o
  Deleted file - D:\midwa\Projects\GitHub\uae4arm-rpi\src\vs2015\amiberry\Debug\cpuemu_4.dep
  Deleted file - D:\midwa\Projects\GitHub\uae4arm-rpi\src\vs2015\amiberry\Debug\cpuemu_4.o
  Deleted file - D:\midwa\Projects\GitHub\uae4arm-rpi\src\vs2015\amiberry\Debug\cpustbl.dep
  Deleted file - D:\midwa\Projects\GitHub\uae4arm-rpi\src\vs2015\amiberry\Debug\cpustbl.o
  Deleted file - D:\midwa\Projects\GitHub\uae4arm-rpi\src\vs2015\amiberry\Debug\crc32.dep
  Deleted file - D:\midwa\Projects\GitHub\uae4arm-rpi\src\vs2015\amiberry\Debug\crc32.o
  Deleted file - D:\midwa\Projects\GitHub\uae4arm-rpi\src\vs2015\amiberry\Debug\crcio.dep
  Deleted file - D:\midwa\Projects\GitHub\uae4arm-rpi\src\vs2015\amiberry\Debug\crcio.o
  Deleted file - D:\midwa\Projects\GitHub\uae4arm-rpi\src\vs2015\amiberry\Debug\crc_csum.dep
  Deleted file - D:\midwa\Projects\GitHub\uae4arm-rpi\src\vs2015\amiberry\Debug\crc_csum.o
  Deleted file - D:\midwa\Projects\GitHub\uae4arm-rpi\src\vs2015\amiberry\Debug\CreateFilesysHardfile.dep
  Deleted file - D:\midwa\Projects\GitHub\uae4arm-rpi\src\vs2015\amiberry\Debug\CreateFilesysHardfile.o
  Deleted file - D:\midwa\Projects\GitHub\uae4arm-rpi\src\vs2015\amiberry\Debug\custom.dep
  Deleted file - D:\midwa\Projects\GitHub\uae4arm-rpi\src\vs2015\amiberry\Debug\custom.o
  Deleted file - D:\midwa\Projects\GitHub\uae4arm-rpi\src\vs2015\amiberry\Debug\dhuf.dep
  Deleted file - D:\midwa\Projects\GitHub\uae4arm-rpi\src\vs2015\amiberry\Debug\dhuf.o
  Deleted file - D:\midwa\Projects\GitHub\uae4arm-rpi\src\vs2015\amiberry\Debug\disk.dep
  Deleted file - D:\midwa\Projects\GitHub\uae4arm-rpi\src\vs2015\amiberry\Debug\disk.o
  Deleted file - D:\midwa\Projects\GitHub\uae4arm-rpi\src\vs2015\amiberry\Debug\diskutil.dep
  Deleted file - D:\midwa\Projects\GitHub\uae4arm-rpi\src\vs2015\amiberry\Debug\diskutil.o
  Deleted file - D:\midwa\Projects\GitHub\uae4arm-rpi\src\vs2015\amiberry\Debug\drawing.dep
  Deleted file - D:\midwa\Projects\GitHub\uae4arm-rpi\src\vs2015\amiberry\Debug\drawing.o
  Deleted file - D:\midwa\Projects\GitHub\uae4arm-rpi\src\vs2015\amiberry\Debug\EditFilesysHardfile.dep
  Deleted file - D:\midwa\Projects\GitHub\uae4arm-rpi\src\vs2015\amiberry\Debug\EditFilesysHardfile.o
  Deleted file - D:\midwa\Projects\GitHub\uae4arm-rpi\src\vs2015\amiberry\Debug\EditFilesysVirtual.dep
  Deleted file - D:\midwa\Projects\GitHub\uae4arm-rpi\src\vs2015\amiberry\Debug\EditFilesysVirtual.o
  Deleted file - D:\midwa\Projects\GitHub\uae4arm-rpi\src\vs2015\amiberry\Debug\events.dep
  Deleted file - D:\midwa\Projects\GitHub\uae4arm-rpi\src\vs2015\amiberry\Debug\events.o
  Deleted file - D:\midwa\Projects\GitHub\uae4arm-rpi\src\vs2015\amiberry\Debug\expansion.dep
  Deleted file - D:\midwa\Projects\GitHub\uae4arm-rpi\src\vs2015\amiberry\Debug\expansion.o
  Deleted file - D:\midwa\Projects\GitHub\uae4arm-rpi\src\vs2015\amiberry\Debug\filesys.dep
  Deleted file - D:\midwa\Projects\GitHub\uae4arm-rpi\src\vs2015\amiberry\Debug\filesys.o
  Deleted file - D:\midwa\Projects\GitHub\uae4arm-rpi\src\vs2015\amiberry\Debug\fpp.dep
  Deleted file - D:\midwa\Projects\GitHub\uae4arm-rpi\src\vs2015\amiberry\Debug\fpp.o
  Deleted file - D:\midwa\Projects\GitHub\uae4arm-rpi\src\vs2015\amiberry\Debug\fsdb.dep
  Deleted file - D:\midwa\Projects\GitHub\uae4arm-rpi\src\vs2015\amiberry\Debug\fsdb.o
  Deleted file - D:\midwa\Projects\GitHub\uae4arm-rpi\src\vs2015\amiberry\Debug\fsdb_host.dep
  Deleted file - D:\midwa\Projects\GitHub\uae4arm-rpi\src\vs2015\amiberry\Debug\fsdb_host.o
  Deleted file - D:\midwa\Projects\GitHub\uae4arm-rpi\src\vs2015\amiberry\Debug\fsdb_unix.dep
  Deleted file - D:\midwa\Projects\GitHub\uae4arm-rpi\src\vs2015\amiberry\Debug\fsdb_unix.o
  Deleted file - D:\midwa\Projects\GitHub\uae4arm-rpi\src\vs2015\amiberry\Debug\fsusage.dep
  Deleted file - D:\midwa\Projects\GitHub\uae4arm-rpi\src\vs2015\amiberry\Debug\fsusage.o
  Deleted file - D:\midwa\Projects\GitHub\uae4arm-rpi\src\vs2015\amiberry\Debug\getbits.dep
  Deleted file - D:\midwa\Projects\GitHub\uae4arm-rpi\src\vs2015\amiberry\Debug\getbits.o
  Deleted file - D:\midwa\Projects\GitHub\uae4arm-rpi\src\vs2015\amiberry\Debug\gfxboard.dep
  Deleted file - D:\midwa\Projects\GitHub\uae4arm-rpi\src\vs2015\amiberry\Debug\gfxboard.o
  Deleted file - D:\midwa\Projects\GitHub\uae4arm-rpi\src\vs2015\amiberry\Debug\gfxutil.dep
  Deleted file - D:\midwa\Projects\GitHub\uae4arm-rpi\src\vs2015\amiberry\Debug\gfxutil.o
  Deleted file - D:\midwa\Projects\GitHub\uae4arm-rpi\src\vs2015\amiberry\Debug\hardfile.dep
  Deleted file - D:\midwa\Projects\GitHub\uae4arm-rpi\src\vs2015\amiberry\Debug\hardfile.o
  Deleted file - D:\midwa\Projects\GitHub\uae4arm-rpi\src\vs2015\amiberry\Debug\hardfile_pandora.dep
  Deleted file - D:\midwa\Projects\GitHub\uae4arm-rpi\src\vs2015\amiberry\Debug\hardfile_pandora.o
  Deleted file - D:\midwa\Projects\GitHub\uae4arm-rpi\src\vs2015\amiberry\Debug\header.dep
  Deleted file - D:\midwa\Projects\GitHub\uae4arm-rpi\src\vs2015\amiberry\Debug\header.o
  Deleted file - D:\midwa\Projects\GitHub\uae4arm-rpi\src\vs2015\amiberry\Debug\huf.dep
  Deleted file - D:\midwa\Projects\GitHub\uae4arm-rpi\src\vs2015\amiberry\Debug\huf.o
  Deleted file - D:\midwa\Projects\GitHub\uae4arm-rpi\src\vs2015\amiberry\Debug\InGameMessage.dep
  Deleted file - D:\midwa\Projects\GitHub\uae4arm-rpi\src\vs2015\amiberry\Debug\InGameMessage.o
  Deleted file - D:\midwa\Projects\GitHub\uae4arm-rpi\src\vs2015\amiberry\Debug\inputdevice.dep
  Deleted file - D:\midwa\Projects\GitHub\uae4arm-rpi\src\vs2015\amiberry\Debug\inputdevice.o
  Deleted file - D:\midwa\Projects\GitHub\uae4arm-rpi\src\vs2015\amiberry\Debug\keyboard.dep
  Deleted file - D:\midwa\Projects\GitHub\uae4arm-rpi\src\vs2015\amiberry\Debug\keyboard.o
  Deleted file - D:\midwa\Projects\GitHub\uae4arm-rpi\src\vs2015\amiberry\Debug\keybuf.dep
  Deleted file - D:\midwa\Projects\GitHub\uae4arm-rpi\src\vs2015\amiberry\Debug\keybuf.o
  Deleted file - D:\midwa\Projects\GitHub\uae4arm-rpi\src\vs2015\amiberry\Debug\larc.dep
  Deleted file - D:\midwa\Projects\GitHub\uae4arm-rpi\src\vs2015\amiberry\Debug\larc.o
  Deleted file - D:\midwa\Projects\GitHub\uae4arm-rpi\src\vs2015\amiberry\Debug\lhamaketbl.dep
  Deleted file - D:\midwa\Projects\GitHub\uae4arm-rpi\src\vs2015\amiberry\Debug\lhamaketbl.o
  Deleted file - D:\midwa\Projects\GitHub\uae4arm-rpi\src\vs2015\amiberry\Debug\lharc.dep
  Deleted file - D:\midwa\Projects\GitHub\uae4arm-rpi\src\vs2015\amiberry\Debug\lharc.o
  Deleted file - D:\midwa\Projects\GitHub\uae4arm-rpi\src\vs2015\amiberry\Debug\LzmaDec.dep
  Deleted file - D:\midwa\Projects\GitHub\uae4arm-rpi\src\vs2015\amiberry\Debug\LzmaDec.o
  Deleted file - D:\midwa\Projects\GitHub\uae4arm-rpi\src\vs2015\amiberry\Debug\main.dep
  Deleted file - D:\midwa\Projects\GitHub\uae4arm-rpi\src\vs2015\amiberry\Debug\main.o
  Deleted file - D:\midwa\Projects\GitHub\uae4arm-rpi\src\vs2015\amiberry\Debug\main_window.dep
  Deleted file - D:\midwa\Projects\GitHub\uae4arm-rpi\src\vs2015\amiberry\Debug\main_window.o
  Deleted file - D:\midwa\Projects\GitHub\uae4arm-rpi\src\vs2015\amiberry\Debug\maketbl.dep
  Deleted file - D:\midwa\Projects\GitHub\uae4arm-rpi\src\vs2015\amiberry\Debug\maketbl.o
  Deleted file - D:\midwa\Projects\GitHub\uae4arm-rpi\src\vs2015\amiberry\Debug\memory.dep
  Deleted file - D:\midwa\Projects\GitHub\uae4arm-rpi\src\vs2015\amiberry\Debug\memory.o
  Deleted file - D:\midwa\Projects\GitHub\uae4arm-rpi\src\vs2015\amiberry\Debug\menu_config.dep
  Deleted file - D:\midwa\Projects\GitHub\uae4arm-rpi\src\vs2015\amiberry\Debug\menu_config.o
  Deleted file - D:\midwa\Projects\GitHub\uae4arm-rpi\src\vs2015\amiberry\Debug\mp3decoder.dep
  Deleted file - D:\midwa\Projects\GitHub\uae4arm-rpi\src\vs2015\amiberry\Debug\mp3decoder.o
  Deleted file - D:\midwa\Projects\GitHub\uae4arm-rpi\src\vs2015\amiberry\Debug\native2amiga.dep
  Deleted file - D:\midwa\Projects\GitHub\uae4arm-rpi\src\vs2015\amiberry\Debug\native2amiga.o
  Deleted file - D:\midwa\Projects\GitHub\uae4arm-rpi\src\vs2015\amiberry\Debug\Navigation.dep
  Deleted file - D:\midwa\Projects\GitHub\uae4arm-rpi\src\vs2015\amiberry\Debug\Navigation.o
  Deleted file - D:\midwa\Projects\GitHub\uae4arm-rpi\src\vs2015\amiberry\Debug\neon_helper.o
  Deleted file - D:\midwa\Projects\GitHub\uae4arm-rpi\src\vs2015\amiberry\Debug\newcpu.dep
  Deleted file - D:\midwa\Projects\GitHub\uae4arm-rpi\src\vs2015\amiberry\Debug\newcpu.o
  Deleted file - D:\midwa\Projects\GitHub\uae4arm-rpi\src\vs2015\amiberry\Debug\newcpu_common.dep
  Deleted file - D:\midwa\Projects\GitHub\uae4arm-rpi\src\vs2015\amiberry\Debug\newcpu_common.o
  Deleted file - D:\midwa\Projects\GitHub\uae4arm-rpi\src\vs2015\amiberry\Debug\pandora.dep
  Deleted file - D:\midwa\Projects\GitHub\uae4arm-rpi\src\vs2015\amiberry\Debug\pandora.o
  Deleted file - D:\midwa\Projects\GitHub\uae4arm-rpi\src\vs2015\amiberry\Debug\pandora_filesys.dep
  Deleted file - D:\midwa\Projects\GitHub\uae4arm-rpi\src\vs2015\amiberry\Debug\pandora_filesys.o
  Deleted file - D:\midwa\Projects\GitHub\uae4arm-rpi\src\vs2015\amiberry\Debug\pandora_gui.dep
  Deleted file - D:\midwa\Projects\GitHub\uae4arm-rpi\src\vs2015\amiberry\Debug\pandora_gui.o
  Deleted file - D:\midwa\Projects\GitHub\uae4arm-rpi\src\vs2015\amiberry\Debug\pandora_input.dep
  Deleted file - D:\midwa\Projects\GitHub\uae4arm-rpi\src\vs2015\amiberry\Debug\pandora_input.o
  Deleted file - D:\midwa\Projects\GitHub\uae4arm-rpi\src\vs2015\amiberry\Debug\pandora_mem.dep
  Deleted file - D:\midwa\Projects\GitHub\uae4arm-rpi\src\vs2015\amiberry\Debug\pandora_mem.o
  Deleted file - D:\midwa\Projects\GitHub\uae4arm-rpi\src\vs2015\amiberry\Debug\pandora_rp9.dep
  Deleted file - D:\midwa\Projects\GitHub\uae4arm-rpi\src\vs2015\amiberry\Debug\pandora_rp9.o
  Deleted file - D:\midwa\Projects\GitHub\uae4arm-rpi\src\vs2015\amiberry\Debug\PanelChipset.dep
  Deleted file - D:\midwa\Projects\GitHub\uae4arm-rpi\src\vs2015\amiberry\Debug\PanelChipset.o
  Deleted file - D:\midwa\Projects\GitHub\uae4arm-rpi\src\vs2015\amiberry\Debug\PanelConfig.dep
  Deleted file - D:\midwa\Projects\GitHub\uae4arm-rpi\src\vs2015\amiberry\Debug\PanelConfig.o
  Deleted file - D:\midwa\Projects\GitHub\uae4arm-rpi\src\vs2015\amiberry\Debug\PanelCPU.dep
  Deleted file - D:\midwa\Projects\GitHub\uae4arm-rpi\src\vs2015\amiberry\Debug\PanelCPU.o
  Deleted file - D:\midwa\Projects\GitHub\uae4arm-rpi\src\vs2015\amiberry\Debug\PanelDisplay.dep
  Deleted file - D:\midwa\Projects\GitHub\uae4arm-rpi\src\vs2015\amiberry\Debug\PanelDisplay.o
  Deleted file - D:\midwa\Projects\GitHub\uae4arm-rpi\src\vs2015\amiberry\Debug\PanelFloppy.dep
  Deleted file - D:\midwa\Projects\GitHub\uae4arm-rpi\src\vs2015\amiberry\Debug\PanelFloppy.o
  Deleted file - D:\midwa\Projects\GitHub\uae4arm-rpi\src\vs2015\amiberry\Debug\PanelHD.dep
  Deleted file - D:\midwa\Projects\GitHub\uae4arm-rpi\src\vs2015\amiberry\Debug\PanelHD.o
  Deleted file - D:\midwa\Projects\GitHub\uae4arm-rpi\src\vs2015\amiberry\Debug\PanelInput.dep
  Deleted file - D:\midwa\Projects\GitHub\uae4arm-rpi\src\vs2015\amiberry\Debug\PanelInput.o
  Deleted file - D:\midwa\Projects\GitHub\uae4arm-rpi\src\vs2015\amiberry\Debug\PanelMisc.dep
  Deleted file - D:\midwa\Projects\GitHub\uae4arm-rpi\src\vs2015\amiberry\Debug\PanelMisc.o
  Deleted file - D:\midwa\Projects\GitHub\uae4arm-rpi\src\vs2015\amiberry\Debug\PanelPaths.dep
  Deleted file - D:\midwa\Projects\GitHub\uae4arm-rpi\src\vs2015\amiberry\Debug\PanelPaths.o
  Deleted file - D:\midwa\Projects\GitHub\uae4arm-rpi\src\vs2015\amiberry\Debug\PanelRAM.dep
  Deleted file - D:\midwa\Projects\GitHub\uae4arm-rpi\src\vs2015\amiberry\Debug\PanelRAM.o
  Deleted file - D:\midwa\Projects\GitHub\uae4arm-rpi\src\vs2015\amiberry\Debug\PanelROM.dep
  Deleted file - D:\midwa\Projects\GitHub\uae4arm-rpi\src\vs2015\amiberry\Debug\PanelROM.o
  Deleted file - D:\midwa\Projects\GitHub\uae4arm-rpi\src\vs2015\amiberry\Debug\PanelSavestate.dep
  Deleted file - D:\midwa\Projects\GitHub\uae4arm-rpi\src\vs2015\amiberry\Debug\PanelSavestate.o
  Deleted file - D:\midwa\Projects\GitHub\uae4arm-rpi\src\vs2015\amiberry\Debug\PanelSound.dep
  Deleted file - D:\midwa\Projects\GitHub\uae4arm-rpi\src\vs2015\amiberry\Debug\PanelSound.o
  Deleted file - D:\midwa\Projects\GitHub\uae4arm-rpi\src\vs2015\amiberry\Debug\pfile.dep
  Deleted file - D:\midwa\Projects\GitHub\uae4arm-rpi\src\vs2015\amiberry\Debug\pfile.o
  Deleted file - D:\midwa\Projects\GitHub\uae4arm-rpi\src\vs2015\amiberry\Debug\picasso96.dep
  Deleted file - D:\midwa\Projects\GitHub\uae4arm-rpi\src\vs2015\amiberry\Debug\picasso96.o
  Deleted file - D:\midwa\Projects\GitHub\uae4arm-rpi\src\vs2015\amiberry\Debug\rasp_gfx.dep
  Deleted file - D:\midwa\Projects\GitHub\uae4arm-rpi\src\vs2015\amiberry\Debug\rasp_gfx.o
  Deleted file - D:\midwa\Projects\GitHub\uae4arm-rpi\src\vs2015\amiberry\Debug\readcpu.dep
  Deleted file - D:\midwa\Projects\GitHub\uae4arm-rpi\src\vs2015\amiberry\Debug\readcpu.o
  Deleted file - D:\midwa\Projects\GitHub\uae4arm-rpi\src\vs2015\amiberry\Debug\rommgr.dep
  Deleted file - D:\midwa\Projects\GitHub\uae4arm-rpi\src\vs2015\amiberry\Debug\rommgr.o
  Deleted file - D:\midwa\Projects\GitHub\uae4arm-rpi\src\vs2015\amiberry\Debug\savestate.dep
  Deleted file - D:\midwa\Projects\GitHub\uae4arm-rpi\src\vs2015\amiberry\Debug\savestate.o
  Deleted file - D:\midwa\Projects\GitHub\uae4arm-rpi\src\vs2015\amiberry\Debug\sdltruetypefont.dep
  Deleted file - D:\midwa\Projects\GitHub\uae4arm-rpi\src\vs2015\amiberry\Debug\sdltruetypefont.o
  Deleted file - D:\midwa\Projects\GitHub\uae4arm-rpi\src\vs2015\amiberry\Debug\SelectFile.dep
  Deleted file - D:\midwa\Projects\GitHub\uae4arm-rpi\src\vs2015\amiberry\Debug\SelectFile.o
  Deleted file - D:\midwa\Projects\GitHub\uae4arm-rpi\src\vs2015\amiberry\Debug\SelectFolder.dep
  Deleted file - D:\midwa\Projects\GitHub\uae4arm-rpi\src\vs2015\amiberry\Debug\SelectFolder.o
  Deleted file - D:\midwa\Projects\GitHub\uae4arm-rpi\src\vs2015\amiberry\Debug\SelectorEntry.dep
  Deleted file - D:\midwa\Projects\GitHub\uae4arm-rpi\src\vs2015\amiberry\Debug\SelectorEntry.o
  Deleted file - D:\midwa\Projects\GitHub\uae4arm-rpi\src\vs2015\amiberry\Debug\ShowMessage.dep
  Deleted file - D:\midwa\Projects\GitHub\uae4arm-rpi\src\vs2015\amiberry\Debug\ShowMessage.o
  Deleted file - D:\midwa\Projects\GitHub\uae4arm-rpi\src\vs2015\amiberry\Debug\shuf.dep
  Deleted file - D:\midwa\Projects\GitHub\uae4arm-rpi\src\vs2015\amiberry\Debug\shuf.o
  Deleted file - D:\midwa\Projects\GitHub\uae4arm-rpi\src\vs2015\amiberry\Debug\sigsegv_handler.dep
  Deleted file - D:\midwa\Projects\GitHub\uae4arm-rpi\src\vs2015\amiberry\Debug\sigsegv_handler.o
  Deleted file - D:\midwa\Projects\GitHub\uae4arm-rpi\src\vs2015\amiberry\Debug\slide.dep
  Deleted file - D:\midwa\Projects\GitHub\uae4arm-rpi\src\vs2015\amiberry\Debug\slide.o
  Deleted file - D:\midwa\Projects\GitHub\uae4arm-rpi\src\vs2015\amiberry\Debug\sound.dep
  Deleted file - D:\midwa\Projects\GitHub\uae4arm-rpi\src\vs2015\amiberry\Debug\sound.o
  Deleted file - D:\midwa\Projects\GitHub\uae4arm-rpi\src\vs2015\amiberry\Debug\statusline.dep
  Deleted file - D:\midwa\Projects\GitHub\uae4arm-rpi\src\vs2015\amiberry\Debug\statusline.o
  Deleted file - D:\midwa\Projects\GitHub\uae4arm-rpi\src\vs2015\amiberry\Debug\support.dep
  Deleted file - D:\midwa\Projects\GitHub\uae4arm-rpi\src\vs2015\amiberry\Debug\support.o
  Deleted file - D:\midwa\Projects\GitHub\uae4arm-rpi\src\vs2015\amiberry\Debug\tables.dep
  Deleted file - D:\midwa\Projects\GitHub\uae4arm-rpi\src\vs2015\amiberry\Debug\tables.o
  Deleted file - D:\midwa\Projects\GitHub\uae4arm-rpi\src\vs2015\amiberry\Debug\traps.dep
  Deleted file - D:\midwa\Projects\GitHub\uae4arm-rpi\src\vs2015\amiberry\Debug\traps.o
  Deleted file - D:\midwa\Projects\GitHub\uae4arm-rpi\src\vs2015\amiberry\Debug\UaeCheckBox.dep
  Deleted file - D:\midwa\Projects\GitHub\uae4arm-rpi\src\vs2015\amiberry\Debug\UaeCheckBox.o
  Deleted file - D:\midwa\Projects\GitHub\uae4arm-rpi\src\vs2015\amiberry\Debug\UaeDropDown.dep
  Deleted file - D:\midwa\Projects\GitHub\uae4arm-rpi\src\vs2015\amiberry\Debug\UaeDropDown.o
  Deleted file - D:\midwa\Projects\GitHub\uae4arm-rpi\src\vs2015\amiberry\Debug\uaelib.dep
  Deleted file - D:\midwa\Projects\GitHub\uae4arm-rpi\src\vs2015\amiberry\Debug\uaelib.o
  Deleted file - D:\midwa\Projects\GitHub\uae4arm-rpi\src\vs2015\amiberry\Debug\UaeListBox.dep
  Deleted file - D:\midwa\Projects\GitHub\uae4arm-rpi\src\vs2015\amiberry\Debug\UaeListBox.o
  Deleted file - D:\midwa\Projects\GitHub\uae4arm-rpi\src\vs2015\amiberry\Debug\UaeRadioButton.dep
  Deleted file - D:\midwa\Projects\GitHub\uae4arm-rpi\src\vs2015\amiberry\Debug\UaeRadioButton.o
  Deleted file - D:\midwa\Projects\GitHub\uae4arm-rpi\src\vs2015\amiberry\Debug\uaeresource.dep
  Deleted file - D:\midwa\Projects\GitHub\uae4arm-rpi\src\vs2015\amiberry\Debug\uaeresource.o
  Deleted file - D:\midwa\Projects\GitHub\uae4arm-rpi\src\vs2015\amiberry\Debug\uae_lha.dep
  Deleted file - D:\midwa\Projects\GitHub\uae4arm-rpi\src\vs2015\amiberry\Debug\uae_lha.o
  Deleted file - D:\midwa\Projects\GitHub\uae4arm-rpi\src\vs2015\amiberry\Debug\unlzx.dep
  Deleted file - D:\midwa\Projects\GitHub\uae4arm-rpi\src\vs2015\amiberry\Debug\unlzx.o
  Deleted file - D:\midwa\Projects\GitHub\uae4arm-rpi\src\vs2015\amiberry\Debug\unzip.dep
  Deleted file - D:\midwa\Projects\GitHub\uae4arm-rpi\src\vs2015\amiberry\Debug\unzip.o
  Deleted file - D:\midwa\Projects\GitHub\uae4arm-rpi\src\vs2015\amiberry\Debug\util.dep
  Deleted file - D:\midwa\Projects\GitHub\uae4arm-rpi\src\vs2015\amiberry\Debug\util.o
  Deleted file - D:\midwa\Projects\GitHub\uae4arm-rpi\src\vs2015\amiberry\Debug\u_deep.dep
  Deleted file - D:\midwa\Projects\GitHub\uae4arm-rpi\src\vs2015\amiberry\Debug\u_deep.o
  Deleted file - D:\midwa\Projects\GitHub\uae4arm-rpi\src\vs2015\amiberry\Debug\u_heavy.dep
  Deleted file - D:\midwa\Projects\GitHub\uae4arm-rpi\src\vs2015\amiberry\Debug\u_heavy.o
  Deleted file - D:\midwa\Projects\GitHub\uae4arm-rpi\src\vs2015\amiberry\Debug\u_init.dep
  Deleted file - D:\midwa\Projects\GitHub\uae4arm-rpi\src\vs2015\amiberry\Debug\u_init.o
  Deleted file - D:\midwa\Projects\GitHub\uae4arm-rpi\src\vs2015\amiberry\Debug\u_medium.dep
  Deleted file - D:\midwa\Projects\GitHub\uae4arm-rpi\src\vs2015\amiberry\Debug\u_medium.o
  Deleted file - D:\midwa\Projects\GitHub\uae4arm-rpi\src\vs2015\amiberry\Debug\u_quick.dep
  Deleted file - D:\midwa\Projects\GitHub\uae4arm-rpi\src\vs2015\amiberry\Debug\u_quick.o
  Deleted file - D:\midwa\Projects\GitHub\uae4arm-rpi\src\vs2015\amiberry\Debug\u_rle.dep
  Deleted file - D:\midwa\Projects\GitHub\uae4arm-rpi\src\vs2015\amiberry\Debug\u_rle.o
  Deleted file - D:\midwa\Projects\GitHub\uae4arm-rpi\src\vs2015\amiberry\Debug\warp.dep
  Deleted file - D:\midwa\Projects\GitHub\uae4arm-rpi\src\vs2015\amiberry\Debug\warp.o
  Deleted file - D:\midwa\Projects\GitHub\uae4arm-rpi\src\vs2015\amiberry\Debug\writelog.dep
  Deleted file - D:\midwa\Projects\GitHub\uae4arm-rpi\src\vs2015\amiberry\Debug\writelog.o
  Deleted file - D:\midwa\Projects\GitHub\uae4arm-rpi\src\vs2015\amiberry\Debug\zfile.dep
  Deleted file - D:\midwa\Projects\GitHub\uae4arm-rpi\src\vs2015\amiberry\Debug\zfile.o
  Deleted file - D:\midwa\Projects\GitHub\uae4arm-rpi\src\vs2015\amiberry\Debug\zfile_archive.dep
  Deleted file - D:\midwa\Projects\GitHub\uae4arm-rpi\src\vs2015\amiberry\Debug\zfile_archive.o
